2022-08-19 21:52:17 [127.0.0.1][-][r2msnrnljuiscbk4bdgpsi6as5hc4q2o][error][yii\base\InvalidConfigException] yii\base\InvalidConfigException: The directory does not exist:  in C:\OpenServer\domains\footballskills\vendor\yiisoft\yii2\web\AssetManager.php:238
Stack trace:
#0 C:\OpenServer\domains\footballskills\vendor\yiisoft\yii2\web\AssetManager.php(551): yii\web\AssetManager->checkBasePathPermission()
#1 C:\OpenServer\domains\footballskills\vendor\yiisoft\yii2\web\AssetManager.php(483): yii\web\AssetManager->publishDirectory('C:\\OpenServer\\d...', Array)
#2 C:\OpenServer\domains\footballskills\vendor\yiisoft\yii2\web\AssetBundle.php(181): yii\web\AssetManager->publish('C:\\OpenServer\\d...', Array)
#3 C:\OpenServer\domains\footballskills\vendor\yiisoft\yii2\web\AssetManager.php(294): yii\web\AssetBundle->publish(Object(yii\web\AssetManager))
#4 C:\OpenServer\domains\footballskills\vendor\yiisoft\yii2\web\AssetManager.php(265): yii\web\AssetManager->loadBundle('yii\\widgets\\Act...', Array, true)
#5 C:\OpenServer\domains\footballskills\vendor\yiisoft\yii2\web\View.php(294): yii\web\AssetManager->getBundle('yii\\widgets\\Act...')
#6 C:\OpenServer\domains\footballskills\vendor\yiisoft\yii2\web\AssetBundle.php(125): yii\web\View->registerAssetBundle('yii\\widgets\\Act...')
#7 C:\OpenServer\domains\footballskills\vendor\yiisoft\yii2\widgets\ActiveForm.php(245): yii\web\AssetBundle::register(Object(yii\web\View))
#8 C:\OpenServer\domains\footballskills\vendor\yiisoft\yii2\widgets\ActiveForm.php(228): yii\widgets\ActiveForm->registerClientScript()
#9 C:\OpenServer\domains\footballskills\vendor\yiisoft\yii2\base\Widget.php(115): yii\widgets\ActiveForm->run()
#10 C:\OpenServer\domains\footballskills\views\site\login.php(47): yii\base\Widget::end()
#11 C:\OpenServer\domains\footballskills\vendor\yiisoft\yii2\base\View.php(347): require('C:\\OpenServer\\d...')
#12 C:\OpenServer\domains\footballskills\vendor\yiisoft\yii2\base\View.php(257): yii\base\View->renderPhpFile('C:\\OpenServer\\d...', Array)
#13 C:\OpenServer\domains\footballskills\vendor\yiisoft\yii2\base\View.php(156): yii\base\View->renderFile('C:\\OpenServer\\d...', Array, Object(app\controllers\SiteController))
#14 C:\OpenServer\domains\footballskills\vendor\yiisoft\yii2\base\Controller.php(407): yii\base\View->render('login', Array, Object(app\controllers\SiteController))
#15 C:\OpenServer\domains\footballskills\controllers\SiteController.php(96): yii\base\Controller->render('login', Array)
#16 [internal function]: app\controllers\SiteController->actionLogin()
#17 C:\OpenServer\domains\footballskills\vendor\yiisoft\yii2\base\InlineAction.php(57): call_user_func_array(Array, Array)
#18 C:\OpenServer\domains\footballskills\vendor\yiisoft\yii2\base\Controller.php(178): yii\base\InlineAction->runWithParams(Array)
#19 C:\OpenServer\domains\footballskills\vendor\yiisoft\yii2\base\Module.php(552): yii\base\Controller->runAction('login', Array)
#20 C:\OpenServer\domains\footballskills\vendor\yiisoft\yii2\web\Application.php(103): yii\base\Module->runAction('site/login', Array)
#21 C:\OpenServer\domains\footballskills\vendor\yiisoft\yii2\base\Application.php(384): yii\web\Application->handleRequest(Object(yii\web\Request))
#22 C:\OpenServer\domains\footballskills\web\index.php(12): yii\base\Application->run()
#23 {main}
2022-08-19 21:52:16 [127.0.0.1][-][r2msnrnljuiscbk4bdgpsi6as5hc4q2o][info][application] $_GET = [
    'r' => 'site/login'
]

$_POST = []

$_FILES = []

$_COOKIE = [
    '_identity-frontend' => 'e21babbaa92a6e633e5ac908591aa0a1d43084910463778baa0fa3cfdbe2cddba:2:{i:0;s:18:\"_identity-frontend\";i:1;s:48:\"[370,\"KyJIv7cBUIn5gtGVXIaddj5ZH8Ot1o0D\",2592000]\";}'
    '_identity-backend' => '11cf58044d14b7c4b66707e9fbe5cf9801ab309f4eeb03111da76033b36fc9cea:2:{i:0;s:17:\"_identity-backend\";i:1;s:46:\"[1,\"qKraC0ZRW1GYH7WtaJn7qEnUAvK2l-QS\",2592000]\";}'
    'PHPSESSID' => 'r2msnrnljuiscbk4bdgpsi6as5hc4q2o'
    '_csrf' => '74913748e76b34f2234e6d79970ffa6058f280e10532bf646a5708d397f30ff0a:2:{i:0;s:5:\"_csrf\";i:1;s:32:\"VRpX6r_Kp8xkSIAZ4NZsK4lHRR1Tz4EB\";}'
]

$_SESSION = [
    '__flash' => []
    '__returnUrl' => 'http://kursach.ru/login'
]

$_SERVER = [
    'HTTP_HOST' => 'kursach.ru'
    'HTTP_CONNECTION' => 'keep-alive'
    'HTTP_PRAGMA' => 'no-cache'
    'HTTP_CACHE_CONTROL' => 'no-cache'
    'HTTP_UPGRADE_INSECURE_REQUESTS' => '1'
    'HTTP_USER_AGENT' => 'Mozilla/5.0 (Windows NT 10.0; Win64; x64) AppleWebKit/537.36 (KHTML, like Gecko) Chrome/104.0.0.0 Safari/537.36'
    'HTTP_ACCEPT' => 'text/html,application/xhtml+xml,application/xml;q=0.9,image/avif,image/webp,image/apng,*/*;q=0.8,application/signed-exchange;v=b3;q=0.9'
    'HTTP_ACCEPT_ENCODING' => 'gzip, deflate'
    'HTTP_ACCEPT_LANGUAGE' => 'ru-RU,ru;q=0.9,en-US;q=0.8,en;q=0.7'
    'HTTP_COOKIE' => '_identity-frontend=e21babbaa92a6e633e5ac908591aa0a1d43084910463778baa0fa3cfdbe2cddba%3A2%3A%7Bi%3A0%3Bs%3A18%3A%22_identity-frontend%22%3Bi%3A1%3Bs%3A48%3A%22%5B370%2C%22KyJIv7cBUIn5gtGVXIaddj5ZH8Ot1o0D%22%2C2592000%5D%22%3B%7D; _identity-backend=11cf58044d14b7c4b66707e9fbe5cf9801ab309f4eeb03111da76033b36fc9cea%3A2%3A%7Bi%3A0%3Bs%3A17%3A%22_identity-backend%22%3Bi%3A1%3Bs%3A46%3A%22%5B1%2C%22qKraC0ZRW1GYH7WtaJn7qEnUAvK2l-QS%22%2C2592000%5D%22%3B%7D; PHPSESSID=r2msnrnljuiscbk4bdgpsi6as5hc4q2o; _csrf=74913748e76b34f2234e6d79970ffa6058f280e10532bf646a5708d397f30ff0a%3A2%3A%7Bi%3A0%3Bs%3A5%3A%22_csrf%22%3Bi%3A1%3Bs%3A32%3A%22VRpX6r_Kp8xkSIAZ4NZsK4lHRR1Tz4EB%22%3B%7D'
    'PATH' => 'c:\\openserver\\modules\\php\\PHP_7.3\\ext;c:\\openserver\\modules\\php\\PHP_7.3\\pear;c:\\openserver\\modules\\php\\PHP_7.3\\pear\\bin;c:\\openserver\\modules\\php\\PHP_7.3;c:\\openserver\\modules\\wget\\bin;c:\\openserver\\modules\\database\\MySQL-8.0-Win10\\bin;c:\\openserver\\modules\\http\\Apache_2.4-PHP_7.2-7.4\\bin;c:\\openserver\\modules\\http\\Apache_2.4-PHP_7.2-7.4;C:\\Windows\\system32;C:\\Windows;C:\\Windows\\system32\\Wbem;C:\\Windows\\SysWOW64;C:\\Windows\\system32;C:\\Windows;C:\\Windows\\System32\\Wbem;C:\\Windows\\System32\\WindowsPowerShell\\v1.0\\;C:\\Windows\\System32\\OpenSSH\\;C:\\Program Files\\Git\\cmd;C:\\Program Files\\PuTTY\\;C:\\Program Files\\nodejs\\;C:\\Users\\vlade\\AppData\\Local\\Microsoft\\WindowsApps;C:\\Users\\vlade\\AppData\\Local\\atom\\bin;C:\\Users\\vlade\\AppData\\Local\\Programs\\Microsoft VS Code\\bin;C:\\Users\\vlade\\AppData\\Roaming\\npm'
    'SystemRoot' => 'C:\\Windows'
    'COMSPEC' => 'C:\\Windows\\system32\\cmd.exe'
    'PATHEXT' => '.COM;.EXE;.BAT;.CMD;.VBS;.VBE;.JS;.JSE;.WSF;.WSH;.MSC'
    'WINDIR' => 'C:\\Windows'
    'SERVER_SIGNATURE' => ''
    'SERVER_SOFTWARE' => 'Apache'
    'SERVER_NAME' => 'kursach.ru'
    'SERVER_ADDR' => '127.0.0.1'
    'SERVER_PORT' => '80'
    'REMOTE_ADDR' => '127.0.0.1'
    'DOCUMENT_ROOT' => 'C:/OpenServer/domains/footballskills/web'
    'REQUEST_SCHEME' => 'http'
    'CONTEXT_PREFIX' => ''
    'CONTEXT_DOCUMENT_ROOT' => 'C:/OpenServer/domains/footballskills/web'
    'SERVER_ADMIN' => '[no address given]'
    'SCRIPT_FILENAME' => 'C:/OpenServer/domains/footballskills/web/index.php'
    'REMOTE_PORT' => '64685'
    'GATEWAY_INTERFACE' => 'CGI/1.1'
    'SERVER_PROTOCOL' => 'HTTP/1.1'
    'REQUEST_METHOD' => 'GET'
    'QUERY_STRING' => 'r=site%2Flogin'
    'REQUEST_URI' => '/index.php?r=site%2Flogin'
    'SCRIPT_NAME' => '/index.php'
    'PHP_SELF' => '/index.php'
    'REQUEST_TIME_FLOAT' => 1660935136.8989
    'REQUEST_TIME' => 1660935136
]
2022-08-20 10:44:25 [-][-][-][error][ParseError] ParseError: syntax error, unexpected '}' in C:\OpenServer\domains\footballskills\migrations\m220820_072842_create_users_table.php:33
Stack trace:
#0 C:\OpenServer\domains\footballskills\vendor\yiisoft\yii2\console\controllers\MigrateController.php(197): yii\console\controllers\BaseMigrateController->includeMigrationFile('m220820_072842_...')
#1 C:\OpenServer\domains\footballskills\vendor\yiisoft\yii2\console\controllers\BaseMigrateController.php(757): yii\console\controllers\MigrateController->createMigration('m220820_072842_...')
#2 C:\OpenServer\domains\footballskills\vendor\yiisoft\yii2\console\controllers\BaseMigrateController.php(216): yii\console\controllers\BaseMigrateController->migrateUp('m220820_072842_...')
#3 [internal function]: yii\console\controllers\BaseMigrateController->actionUp(0)
#4 C:\OpenServer\domains\footballskills\vendor\yiisoft\yii2\base\InlineAction.php(57): call_user_func_array(Array, Array)
#5 C:\OpenServer\domains\footballskills\vendor\yiisoft\yii2\base\Controller.php(178): yii\base\InlineAction->runWithParams(Array)
#6 C:\OpenServer\domains\footballskills\vendor\yiisoft\yii2\console\Controller.php(180): yii\base\Controller->runAction('', Array)
#7 C:\OpenServer\domains\footballskills\vendor\yiisoft\yii2\base\Module.php(552): yii\console\Controller->runAction('', Array)
#8 C:\OpenServer\domains\footballskills\vendor\yiisoft\yii2\console\Application.php(180): yii\base\Module->runAction('migrate', Array)
#9 C:\OpenServer\domains\footballskills\vendor\yiisoft\yii2\console\Application.php(147): yii\console\Application->runAction('migrate', Array)
#10 C:\OpenServer\domains\footballskills\vendor\yiisoft\yii2\base\Application.php(384): yii\console\Application->handleRequest(Object(yii\console\Request))
#11 C:\OpenServer\domains\footballskills\yii(20): yii\base\Application->run()
#12 {main}
2022-08-20 10:44:21 [-][-][-][info][application] $_GET = []

$_POST = []

$_FILES = []

$_COOKIE = []

$_SERVER = [
    'ALLUSERSPROFILE' => 'C:\\ProgramData'
    'ANSICON' => '78x32766 (78x24)'
    'ANSICON_DEF' => '7'
    'APPDATA' => 'C:\\Users\\vlade\\AppData\\Roaming'
    'CommonProgramFiles' => 'C:\\Program Files\\Common Files'
    'CommonProgramFiles(x86)' => 'C:\\Program Files (x86)\\Common Files'
    'CommonProgramW6432' => 'C:\\Program Files\\Common Files'
    'COMPUTERNAME' => 'DESKTOP-4K9GQ46'
    'ComSpec' => 'C:\\Windows\\system32\\cmd.exe'
    'ConEmuANSI' => 'ON'
    'ConEmuAnsiLog' => ''
    'ConEmuArgs' => '/Single'
    'ConEmuArgs2' => ''
    'ConEmuBackHWND' => '0x000705E2'
    'ConEmuBaseDir' => 'C:\\openserver\\modules\\conemu\\ConEmu'
    'ConEmuBaseDirShort' => 'C:\\OpenServer\\modules\\conemu\\ConEmu'
    'ConEmuBuild' => '210422'
    'ConEmuCfgDir' => 'C:\\openserver\\modules\\conemu'
    'ConEmuConfig' => ''
    'ConEmuDir' => 'C:\\openserver\\modules\\conemu'
    'ConEmuDrawHWND' => '0x000205F2'
    'ConEmuDrive' => 'C:'
    'ConEmuHooks' => 'Enabled'
    'ConEmuHWND' => '0x001105A2'
    'ConEmuPalette' => '<ConEmu>'
    'ConEmuPID' => '1212'
    'ConEmuServerPID' => '1268'
    'ConEmuTask' => '{Shells::cmd}'
    'ConEmuWorkDir' => 'c:\\openserver'
    'ConEmuWorkDrive' => 'c:'
    'DriverData' => 'C:\\Windows\\System32\\Drivers\\DriverData'
    'FPS_BROWSER_APP_PROFILE_STRING' => 'Internet Explorer'
    'FPS_BROWSER_USER_PROFILE_STRING' => 'Default'
    'HOME' => 'c:\\openserver'
    'HOMEDRIVE' => 'c:'
    'HOMEPATH' => '\\openserver'
    'LOCALAPPDATA' => 'C:\\Users\\vlade\\AppData\\Local'
    'LOGONSERVER' => '\\\\DESKTOP-4K9GQ46'
    'NUMBER_OF_PROCESSORS' => '4'
    'OneDrive' => 'C:\\Users\\vlade\\OneDrive'
    'OneDriveConsumer' => 'C:\\Users\\vlade\\OneDrive'
    'OPENRDA_INI' => 'D:\\Program Files (x86)\\CA\\ERwin Data Modeler r7.3\\OpenAccess\\bin\\iwinnt\\openrda.ini'
    'OPENSSL_CONF' => 'c:\\openserver\\modules\\http\\Apache_2.4-PHP_7.2-7.4\\conf\\openssl.cnf'
    'OS' => 'Windows_NT'
    'Path' => 'C:\\openserver\\modules\\conemu\\ConEmu\\Scripts;C:\\openserver\\modules\\conemu;C:\\openserver\\modules\\conemu\\ConEmu;c:\\openserver\\modules\\php\\PHP_7.3\\ext;c:\\openserver\\modules\\php\\PHP_7.3\\pear;c:\\openserver\\modules\\php\\PHP_7.3\\pear\\bin;c:\\openserver\\modules\\php\\PHP_7.3;c:\\openserver\\modules\\wget\\bin;c:\\openserver\\modules\\database\\MySQL-8.0-Win10\\bin;c:\\openserver\\modules\\http\\Apache_2.4-PHP_7.2-7.4\\bin;c:\\openserver\\modules\\http\\Apache_2.4-PHP_7.2-7.4;C:\\Windows\\system32;C:\\Windows;C:\\Windows\\system32\\Wbem;C:\\Windows\\SysWOW64;C:\\Windows\\system32;C:\\Windows;C:\\Windows\\System32\\Wbem;C:\\Windows\\System32\\WindowsPowerShell\\v1.0\\;C:\\Windows\\System32\\OpenSSH\\;C:\\Program Files\\Git\\cmd;C:\\Program Files\\PuTTY\\;C:\\Program Files\\nodejs\\;C:\\Users\\vlade\\AppData\\Local\\Microsoft\\WindowsApps;C:\\Users\\vlade\\AppData\\Local\\atom\\bin;C:\\Users\\vlade\\AppData\\Local\\Programs\\Microsoft VS Code\\bin;C:\\Users\\vlade\\AppData\\Roaming\\npm'
    'PATHEXT' => '.COM;.EXE;.BAT;.CMD;.VBS;.VBE;.JS;.JSE;.WSF;.WSH;.MSC'
    'PHPBIN' => 'c:\\openserver\\modules\\php\\PHP_7.3\\php.exe'
    'PHPDIR' => 'c:\\openserver\\modules\\php\\PHP_7.3\\'
    'PHPRC' => 'c:\\openserver\\modules\\php\\PHP_7.3'
    'PHP_BIN' => 'c:\\openserver\\modules\\php\\PHP_7.3\\php.exe'
    'PHP_BINARY' => 'c:\\openserver\\modules\\php\\PHP_7.3\\php.exe'
    'PHP_BINDIR' => 'c:\\openserver\\modules\\php\\PHP_7.3\\'
    'PHP_DIR' => 'c:\\openserver\\modules\\php\\PHP_7.3\\'
    'PHP_INI' => 'c:\\openserver\\modules\\php\\PHP_7.3\\php.ini'
    'PHP_PEAR_BIN_DIR' => 'c:\\openserver\\modules\\php\\PHP_7.3\\PEAR'
    'PHP_PEAR_DATA_DIR' => 'c:\\openserver\\modules\\php\\PHP_7.3\\PEAR\\data'
    'PHP_PEAR_DOC_DIR' => 'c:\\openserver\\modules\\php\\PHP_7.3\\PEAR\\docs'
    'PHP_PEAR_INSTALL_DIR' => 'c:\\openserver\\modules\\php\\PHP_7.3\\PEAR\\pear'
    'PHP_PEAR_PHP_BIN' => 'c:\\openserver\\modules\\php\\PHP_7.3\\php.exe'
    'PHP_PEAR_SYSCONF_DIR' => 'c:\\openserver\\modules\\php\\PHP_7.3\\PEAR'
    'PHP_PEAR_TEST_DIR' => 'c:\\openserver\\modules\\php\\PHP_7.3\\PEAR\\tests'
    'PROCESSOR_ARCHITECTURE' => 'AMD64'
    'PROCESSOR_IDENTIFIER' => 'Intel64 Family 6 Model 142 Stepping 10, GenuineIntel'
    'PROCESSOR_LEVEL' => '6'
    'PROCESSOR_REVISION' => '8e0a'
    'ProgramData' => 'C:\\ProgramData'
    'ProgramFiles' => 'C:\\Program Files'
    'ProgramFiles(x86)' => 'C:\\Program Files (x86)'
    'ProgramW6432' => 'C:\\Program Files'
    'PROMPT' => '$E[m$E[32m$E]9;8;\"USERNAME\"$E\\@$E]9;8;\"COMPUTERNAME\"$E\\$S$E[92m$P$E[90m$_$E[90m$$$E[m$S$E]9;12$E\\'
    'PSModulePath' => 'C:\\Program Files\\WindowsPowerShell\\Modules;C:\\Windows\\system32\\WindowsPowerShell\\v1.0\\Modules'
    'PUBLIC' => 'C:\\Users\\Public'
    'SESSIONNAME' => 'Console'
    'SystemDrive' => 'C:'
    'SystemRoot' => 'C:\\Windows'
    'TEMP' => 'c:\\openserver\\userdata\\temp'
    'TMP' => 'c:\\openserver\\userdata\\temp'
    'USERDOMAIN' => 'DESKTOP-4K9GQ46'
    'USERDOMAIN_ROAMINGPROFILE' => 'DESKTOP-4K9GQ46'
    'USERNAME' => 'vlade'
    'USERPROFILE' => 'C:\\Users\\vlade'
    'windir' => 'C:\\Windows'
    'ZES_ENABLE_SYSMAN' => '1'
    'PHP_SELF' => 'yii'
    'SCRIPT_NAME' => 'yii'
    'SCRIPT_FILENAME' => 'yii'
    'PATH_TRANSLATED' => 'yii'
    'DOCUMENT_ROOT' => ''
    'REQUEST_TIME_FLOAT' => 1660981461.2895
    'REQUEST_TIME' => 1660981461
    'argv' => [
        0 => 'yii'
        1 => 'migrate'
    ]
    'argc' => 2
]
2022-08-20 10:47:39 [127.0.0.1][-][s16bc018m1e2jtcam28ljcpe69rsgbfp][error][yii\base\UnknownClassException] yii\base\UnknownClassException: Unable to find 'app\models\User' in file: C:\OpenServer\domains\footballskills/models/User.php. Namespace missing? in C:\OpenServer\domains\footballskills\vendor\yiisoft\yii2\BaseYii.php:296
Stack trace:
#0 [internal function]: yii\BaseYii::autoload('app\\models\\User')
#1 C:\OpenServer\domains\footballskills\models\LoginForm.php(76): spl_autoload_call('app\\models\\User')
#2 C:\OpenServer\domains\footballskills\models\LoginForm.php(48): app\models\LoginForm->getUser()
#3 C:\OpenServer\domains\footballskills\vendor\yiisoft\yii2\validators\InlineValidator.php(77): app\models\LoginForm->validatePassword('password', NULL, Object(yii\validators\InlineValidator), '123456')
#4 C:\OpenServer\domains\footballskills\vendor\yiisoft\yii2\validators\Validator.php(260): yii\validators\InlineValidator->validateAttribute(Object(app\models\LoginForm), 'password')
#5 C:\OpenServer\domains\footballskills\vendor\yiisoft\yii2\base\Model.php(360): yii\validators\Validator->validateAttributes(Object(app\models\LoginForm), Array)
#6 C:\OpenServer\domains\footballskills\models\LoginForm.php(62): yii\base\Model->validate()
#7 C:\OpenServer\domains\footballskills\controllers\SiteController.php(90): app\models\LoginForm->login()
#8 [internal function]: app\controllers\SiteController->actionLogin()
#9 C:\OpenServer\domains\footballskills\vendor\yiisoft\yii2\base\InlineAction.php(57): call_user_func_array(Array, Array)
#10 C:\OpenServer\domains\footballskills\vendor\yiisoft\yii2\base\Controller.php(178): yii\base\InlineAction->runWithParams(Array)
#11 C:\OpenServer\domains\footballskills\vendor\yiisoft\yii2\base\Module.php(552): yii\base\Controller->runAction('login', Array)
#12 C:\OpenServer\domains\footballskills\vendor\yiisoft\yii2\web\Application.php(103): yii\base\Module->runAction('site/login', Array)
#13 C:\OpenServer\domains\footballskills\vendor\yiisoft\yii2\base\Application.php(384): yii\web\Application->handleRequest(Object(yii\web\Request))
#14 C:\OpenServer\domains\footballskills\web\index.php(12): yii\base\Application->run()
#15 {main}
2022-08-20 10:47:39 [127.0.0.1][-][s16bc018m1e2jtcam28ljcpe69rsgbfp][info][application] $_GET = [
    'r' => 'site/login'
]

$_POST = [
    '_csrf' => 'jTUy7EeJY37qpAaPxGcb6OS64LGVQOttWB6X1lNPu_bZUgKeIf5aPMfqQ9qjKEmDltbZ5vsohioiT_uDMij_vA=='
    'LoginForm' => [
        'username' => 'admin'
        'password' => '123456'
    ]
    'login-button' => ''
]

$_FILES = []

$_COOKIE = [
    '_identity-frontend' => 'e21babbaa92a6e633e5ac908591aa0a1d43084910463778baa0fa3cfdbe2cddba:2:{i:0;s:18:\"_identity-frontend\";i:1;s:48:\"[370,\"KyJIv7cBUIn5gtGVXIaddj5ZH8Ot1o0D\",2592000]\";}'
    '_identity-backend' => '11cf58044d14b7c4b66707e9fbe5cf9801ab309f4eeb03111da76033b36fc9cea:2:{i:0;s:17:\"_identity-backend\";i:1;s:46:\"[1,\"qKraC0ZRW1GYH7WtaJn7qEnUAvK2l-QS\",2592000]\";}'
    'PHPSESSID' => 's16bc018m1e2jtcam28ljcpe69rsgbfp'
    '_csrf' => '4fe932cbc920ee8aa1762aa0f86507a587dcd93c17f52d19bf5c6816d366f645a:2:{i:0;s:5:\"_csrf\";i:1;s:32:\"Tg0rfw9B-NEUgORkrl9WnhmGzQlUagDJ\";}'
]

$_SESSION = [
    '__flash' => []
    '__returnUrl' => 'http://kursach.ru/'
]

$_SERVER = [
    'HTTP_HOST' => 'kursach.ru'
    'HTTP_CONNECTION' => 'keep-alive'
    'CONTENT_LENGTH' => '173'
    'HTTP_CACHE_CONTROL' => 'max-age=0'
    'HTTP_UPGRADE_INSECURE_REQUESTS' => '1'
    'HTTP_ORIGIN' => 'http://kursach.ru'
    'CONTENT_TYPE' => 'application/x-www-form-urlencoded'
    'HTTP_USER_AGENT' => 'Mozilla/5.0 (Windows NT 10.0; Win64; x64) AppleWebKit/537.36 (KHTML, like Gecko) Chrome/104.0.0.0 Safari/537.36'
    'HTTP_ACCEPT' => 'text/html,application/xhtml+xml,application/xml;q=0.9,image/avif,image/webp,image/apng,*/*;q=0.8,application/signed-exchange;v=b3;q=0.9'
    'HTTP_REFERER' => 'http://kursach.ru/index.php?r=site%2Flogin'
    'HTTP_ACCEPT_ENCODING' => 'gzip, deflate'
    'HTTP_ACCEPT_LANGUAGE' => 'ru-RU,ru;q=0.9,en-US;q=0.8,en;q=0.7'
    'HTTP_COOKIE' => '_identity-frontend=e21babbaa92a6e633e5ac908591aa0a1d43084910463778baa0fa3cfdbe2cddba%3A2%3A%7Bi%3A0%3Bs%3A18%3A%22_identity-frontend%22%3Bi%3A1%3Bs%3A48%3A%22%5B370%2C%22KyJIv7cBUIn5gtGVXIaddj5ZH8Ot1o0D%22%2C2592000%5D%22%3B%7D; _identity-backend=11cf58044d14b7c4b66707e9fbe5cf9801ab309f4eeb03111da76033b36fc9cea%3A2%3A%7Bi%3A0%3Bs%3A17%3A%22_identity-backend%22%3Bi%3A1%3Bs%3A46%3A%22%5B1%2C%22qKraC0ZRW1GYH7WtaJn7qEnUAvK2l-QS%22%2C2592000%5D%22%3B%7D; PHPSESSID=s16bc018m1e2jtcam28ljcpe69rsgbfp; _csrf=4fe932cbc920ee8aa1762aa0f86507a587dcd93c17f52d19bf5c6816d366f645a%3A2%3A%7Bi%3A0%3Bs%3A5%3A%22_csrf%22%3Bi%3A1%3Bs%3A32%3A%22Tg0rfw9B-NEUgORkrl9WnhmGzQlUagDJ%22%3B%7D'
    'PATH' => 'c:\\openserver\\modules\\php\\PHP_7.3\\ext;c:\\openserver\\modules\\php\\PHP_7.3\\pear;c:\\openserver\\modules\\php\\PHP_7.3\\pear\\bin;c:\\openserver\\modules\\php\\PHP_7.3;c:\\openserver\\modules\\wget\\bin;c:\\openserver\\modules\\database\\MySQL-8.0-Win10\\bin;c:\\openserver\\modules\\http\\Apache_2.4-PHP_7.2-7.4\\bin;c:\\openserver\\modules\\http\\Apache_2.4-PHP_7.2-7.4;C:\\Windows\\system32;C:\\Windows;C:\\Windows\\system32\\Wbem;C:\\Windows\\SysWOW64;C:\\Windows\\system32;C:\\Windows;C:\\Windows\\System32\\Wbem;C:\\Windows\\System32\\WindowsPowerShell\\v1.0\\;C:\\Windows\\System32\\OpenSSH\\;C:\\Program Files\\Git\\cmd;C:\\Program Files\\PuTTY\\;C:\\Program Files\\nodejs\\;C:\\Users\\vlade\\AppData\\Local\\Microsoft\\WindowsApps;C:\\Users\\vlade\\AppData\\Local\\atom\\bin;C:\\Users\\vlade\\AppData\\Local\\Programs\\Microsoft VS Code\\bin;C:\\Users\\vlade\\AppData\\Roaming\\npm'
    'SystemRoot' => 'C:\\Windows'
    'COMSPEC' => 'C:\\Windows\\system32\\cmd.exe'
    'PATHEXT' => '.COM;.EXE;.BAT;.CMD;.VBS;.VBE;.JS;.JSE;.WSF;.WSH;.MSC'
    'WINDIR' => 'C:\\Windows'
    'SERVER_SIGNATURE' => ''
    'SERVER_SOFTWARE' => 'Apache'
    'SERVER_NAME' => 'kursach.ru'
    'SERVER_ADDR' => '127.0.0.1'
    'SERVER_PORT' => '80'
    'REMOTE_ADDR' => '127.0.0.1'
    'DOCUMENT_ROOT' => 'C:/OpenServer/domains/footballskills/web'
    'REQUEST_SCHEME' => 'http'
    'CONTEXT_PREFIX' => ''
    'CONTEXT_DOCUMENT_ROOT' => 'C:/OpenServer/domains/footballskills/web'
    'SERVER_ADMIN' => '[no address given]'
    'SCRIPT_FILENAME' => 'C:/OpenServer/domains/footballskills/web/index.php'
    'REMOTE_PORT' => '49714'
    'GATEWAY_INTERFACE' => 'CGI/1.1'
    'SERVER_PROTOCOL' => 'HTTP/1.1'
    'REQUEST_METHOD' => 'POST'
    'QUERY_STRING' => 'r=site%2Flogin'
    'REQUEST_URI' => '/index.php?r=site%2Flogin'
    'SCRIPT_NAME' => '/index.php'
    'PHP_SELF' => '/index.php'
    'REQUEST_TIME_FLOAT' => 1660981659.4362
    'REQUEST_TIME' => 1660981659
]
2022-08-20 10:48:08 [127.0.0.1][-][s16bc018m1e2jtcam28ljcpe69rsgbfp][error][yii\base\InvalidConfigException] yii\base\InvalidConfigException: The table does not exist: {{%user}} in C:\OpenServer\domains\footballskills\vendor\yiisoft\yii2\db\ActiveRecord.php:442
Stack trace:
#0 C:\OpenServer\domains\footballskills\vendor\yiisoft\yii2\db\ActiveRecord.php(266): yii\db\ActiveRecord::getTableSchema()
#1 C:\OpenServer\domains\footballskills\vendor\yiisoft\yii2\db\ActiveRecord.php(238): yii\db\ActiveRecord::filterValidColumnNames(Object(yii\db\Connection), Array)
#2 C:\OpenServer\domains\footballskills\vendor\yiisoft\yii2\db\ActiveRecord.php(195): yii\db\ActiveRecord::filterCondition(Array, Array)
#3 C:\OpenServer\domains\footballskills\vendor\yiisoft\yii2\db\BaseActiveRecord.php(110): yii\db\ActiveRecord::findByCondition(Array)
#4 C:\OpenServer\domains\footballskills\models\User.php(64): yii\db\BaseActiveRecord::findOne(Array)
#5 C:\OpenServer\domains\footballskills\models\LoginForm.php(76): app\models\User::findByUsername('admin')
#6 C:\OpenServer\domains\footballskills\models\LoginForm.php(48): app\models\LoginForm->getUser()
#7 C:\OpenServer\domains\footballskills\vendor\yiisoft\yii2\validators\InlineValidator.php(77): app\models\LoginForm->validatePassword('password', NULL, Object(yii\validators\InlineValidator), '123456')
#8 C:\OpenServer\domains\footballskills\vendor\yiisoft\yii2\validators\Validator.php(260): yii\validators\InlineValidator->validateAttribute(Object(app\models\LoginForm), 'password')
#9 C:\OpenServer\domains\footballskills\vendor\yiisoft\yii2\base\Model.php(360): yii\validators\Validator->validateAttributes(Object(app\models\LoginForm), Array)
#10 C:\OpenServer\domains\footballskills\models\LoginForm.php(62): yii\base\Model->validate()
#11 C:\OpenServer\domains\footballskills\controllers\SiteController.php(90): app\models\LoginForm->login()
#12 [internal function]: app\controllers\SiteController->actionLogin()
#13 C:\OpenServer\domains\footballskills\vendor\yiisoft\yii2\base\InlineAction.php(57): call_user_func_array(Array, Array)
#14 C:\OpenServer\domains\footballskills\vendor\yiisoft\yii2\base\Controller.php(178): yii\base\InlineAction->runWithParams(Array)
#15 C:\OpenServer\domains\footballskills\vendor\yiisoft\yii2\base\Module.php(552): yii\base\Controller->runAction('login', Array)
#16 C:\OpenServer\domains\footballskills\vendor\yiisoft\yii2\web\Application.php(103): yii\base\Module->runAction('site/login', Array)
#17 C:\OpenServer\domains\footballskills\vendor\yiisoft\yii2\base\Application.php(384): yii\web\Application->handleRequest(Object(yii\web\Request))
#18 C:\OpenServer\domains\footballskills\web\index.php(12): yii\base\Application->run()
#19 {main}
2022-08-20 10:48:08 [127.0.0.1][-][s16bc018m1e2jtcam28ljcpe69rsgbfp][info][application] $_GET = [
    'r' => 'site/login'
]

$_POST = [
    '_csrf' => 'jTUy7EeJY37qpAaPxGcb6OS64LGVQOttWB6X1lNPu_bZUgKeIf5aPMfqQ9qjKEmDltbZ5vsohioiT_uDMij_vA=='
    'LoginForm' => [
        'username' => 'admin'
        'password' => '123456'
    ]
    'login-button' => ''
]

$_FILES = []

$_COOKIE = [
    '_identity-frontend' => 'e21babbaa92a6e633e5ac908591aa0a1d43084910463778baa0fa3cfdbe2cddba:2:{i:0;s:18:\"_identity-frontend\";i:1;s:48:\"[370,\"KyJIv7cBUIn5gtGVXIaddj5ZH8Ot1o0D\",2592000]\";}'
    '_identity-backend' => '11cf58044d14b7c4b66707e9fbe5cf9801ab309f4eeb03111da76033b36fc9cea:2:{i:0;s:17:\"_identity-backend\";i:1;s:46:\"[1,\"qKraC0ZRW1GYH7WtaJn7qEnUAvK2l-QS\",2592000]\";}'
    'PHPSESSID' => 's16bc018m1e2jtcam28ljcpe69rsgbfp'
    '_csrf' => '4fe932cbc920ee8aa1762aa0f86507a587dcd93c17f52d19bf5c6816d366f645a:2:{i:0;s:5:\"_csrf\";i:1;s:32:\"Tg0rfw9B-NEUgORkrl9WnhmGzQlUagDJ\";}'
]

$_SESSION = [
    '__flash' => []
    '__returnUrl' => 'http://kursach.ru/'
]

$_SERVER = [
    'HTTP_HOST' => 'kursach.ru'
    'HTTP_CONNECTION' => 'keep-alive'
    'CONTENT_LENGTH' => '173'
    'HTTP_CACHE_CONTROL' => 'max-age=0'
    'HTTP_UPGRADE_INSECURE_REQUESTS' => '1'
    'HTTP_USER_AGENT' => 'Mozilla/5.0 (Windows NT 10.0; Win64; x64) AppleWebKit/537.36 (KHTML, like Gecko) Chrome/104.0.0.0 Safari/537.36'
    'HTTP_ORIGIN' => 'http://kursach.ru'
    'CONTENT_TYPE' => 'application/x-www-form-urlencoded'
    'HTTP_ACCEPT' => 'text/html,application/xhtml+xml,application/xml;q=0.9,image/avif,image/webp,image/apng,*/*;q=0.8,application/signed-exchange;v=b3;q=0.9'
    'HTTP_REFERER' => 'http://kursach.ru/index.php?r=site%2Flogin'
    'HTTP_ACCEPT_ENCODING' => 'gzip, deflate'
    'HTTP_ACCEPT_LANGUAGE' => 'ru-RU,ru;q=0.9,en-US;q=0.8,en;q=0.7'
    'HTTP_COOKIE' => '_identity-frontend=e21babbaa92a6e633e5ac908591aa0a1d43084910463778baa0fa3cfdbe2cddba%3A2%3A%7Bi%3A0%3Bs%3A18%3A%22_identity-frontend%22%3Bi%3A1%3Bs%3A48%3A%22%5B370%2C%22KyJIv7cBUIn5gtGVXIaddj5ZH8Ot1o0D%22%2C2592000%5D%22%3B%7D; _identity-backend=11cf58044d14b7c4b66707e9fbe5cf9801ab309f4eeb03111da76033b36fc9cea%3A2%3A%7Bi%3A0%3Bs%3A17%3A%22_identity-backend%22%3Bi%3A1%3Bs%3A46%3A%22%5B1%2C%22qKraC0ZRW1GYH7WtaJn7qEnUAvK2l-QS%22%2C2592000%5D%22%3B%7D; PHPSESSID=s16bc018m1e2jtcam28ljcpe69rsgbfp; _csrf=4fe932cbc920ee8aa1762aa0f86507a587dcd93c17f52d19bf5c6816d366f645a%3A2%3A%7Bi%3A0%3Bs%3A5%3A%22_csrf%22%3Bi%3A1%3Bs%3A32%3A%22Tg0rfw9B-NEUgORkrl9WnhmGzQlUagDJ%22%3B%7D'
    'PATH' => 'c:\\openserver\\modules\\php\\PHP_7.3\\ext;c:\\openserver\\modules\\php\\PHP_7.3\\pear;c:\\openserver\\modules\\php\\PHP_7.3\\pear\\bin;c:\\openserver\\modules\\php\\PHP_7.3;c:\\openserver\\modules\\wget\\bin;c:\\openserver\\modules\\database\\MySQL-8.0-Win10\\bin;c:\\openserver\\modules\\http\\Apache_2.4-PHP_7.2-7.4\\bin;c:\\openserver\\modules\\http\\Apache_2.4-PHP_7.2-7.4;C:\\Windows\\system32;C:\\Windows;C:\\Windows\\system32\\Wbem;C:\\Windows\\SysWOW64;C:\\Windows\\system32;C:\\Windows;C:\\Windows\\System32\\Wbem;C:\\Windows\\System32\\WindowsPowerShell\\v1.0\\;C:\\Windows\\System32\\OpenSSH\\;C:\\Program Files\\Git\\cmd;C:\\Program Files\\PuTTY\\;C:\\Program Files\\nodejs\\;C:\\Users\\vlade\\AppData\\Local\\Microsoft\\WindowsApps;C:\\Users\\vlade\\AppData\\Local\\atom\\bin;C:\\Users\\vlade\\AppData\\Local\\Programs\\Microsoft VS Code\\bin;C:\\Users\\vlade\\AppData\\Roaming\\npm'
    'SystemRoot' => 'C:\\Windows'
    'COMSPEC' => 'C:\\Windows\\system32\\cmd.exe'
    'PATHEXT' => '.COM;.EXE;.BAT;.CMD;.VBS;.VBE;.JS;.JSE;.WSF;.WSH;.MSC'
    'WINDIR' => 'C:\\Windows'
    'SERVER_SIGNATURE' => ''
    'SERVER_SOFTWARE' => 'Apache'
    'SERVER_NAME' => 'kursach.ru'
    'SERVER_ADDR' => '127.0.0.1'
    'SERVER_PORT' => '80'
    'REMOTE_ADDR' => '127.0.0.1'
    'DOCUMENT_ROOT' => 'C:/OpenServer/domains/footballskills/web'
    'REQUEST_SCHEME' => 'http'
    'CONTEXT_PREFIX' => ''
    'CONTEXT_DOCUMENT_ROOT' => 'C:/OpenServer/domains/footballskills/web'
    'SERVER_ADMIN' => '[no address given]'
    'SCRIPT_FILENAME' => 'C:/OpenServer/domains/footballskills/web/index.php'
    'REMOTE_PORT' => '49751'
    'GATEWAY_INTERFACE' => 'CGI/1.1'
    'SERVER_PROTOCOL' => 'HTTP/1.1'
    'REQUEST_METHOD' => 'POST'
    'QUERY_STRING' => 'r=site%2Flogin'
    'REQUEST_URI' => '/index.php?r=site%2Flogin'
    'SCRIPT_NAME' => '/index.php'
    'PHP_SELF' => '/index.php'
    'REQUEST_TIME_FLOAT' => 1660981688.1851
    'REQUEST_TIME' => 1660981688
]
2022-08-20 10:53:53 [127.0.0.1][1][p3icf5bpepbu119df5mebnnan91t0s4n][error][yii\base\UnknownPropertyException] yii\base\UnknownPropertyException: Getting unknown property: app\models\User::name in C:\OpenServer\domains\footballskills\vendor\yiisoft\yii2\base\Component.php:154
Stack trace:
#0 C:\OpenServer\domains\footballskills\vendor\yiisoft\yii2\db\BaseActiveRecord.php(296): yii\base\Component->__get('name')
#1 C:\OpenServer\domains\footballskills\views\layouts\main.php(64): yii\db\BaseActiveRecord->__get('name')
#2 C:\OpenServer\domains\footballskills\vendor\yiisoft\yii2\base\View.php(347): require('C:\\OpenServer\\d...')
#3 C:\OpenServer\domains\footballskills\vendor\yiisoft\yii2\base\View.php(257): yii\base\View->renderPhpFile('C:\\OpenServer\\d...', Array)
#4 C:\OpenServer\domains\footballskills\vendor\yiisoft\yii2\base\Controller.php(422): yii\base\View->renderFile('C:\\OpenServer\\d...', Array, Object(app\controllers\SiteController))
#5 C:\OpenServer\domains\footballskills\vendor\yiisoft\yii2\base\Controller.php(408): yii\base\Controller->renderContent('')
#6 C:\OpenServer\domains\footballskills\controllers\SiteController.php(53): yii\base\Controller->render('index')
#7 [internal function]: app\controllers\SiteController->actionIndex()
#8 C:\OpenServer\domains\footballskills\vendor\yiisoft\yii2\base\InlineAction.php(57): call_user_func_array(Array, Array)
#9 C:\OpenServer\domains\footballskills\vendor\yiisoft\yii2\base\Controller.php(178): yii\base\InlineAction->runWithParams(Array)
#10 C:\OpenServer\domains\footballskills\vendor\yiisoft\yii2\base\Module.php(552): yii\base\Controller->runAction('', Array)
#11 C:\OpenServer\domains\footballskills\vendor\yiisoft\yii2\web\Application.php(103): yii\base\Module->runAction('', Array)
#12 C:\OpenServer\domains\footballskills\vendor\yiisoft\yii2\base\Application.php(384): yii\web\Application->handleRequest(Object(yii\web\Request))
#13 C:\OpenServer\domains\footballskills\web\index.php(12): yii\base\Application->run()
#14 {main}
2022-08-20 10:53:52 [127.0.0.1][1][p3icf5bpepbu119df5mebnnan91t0s4n][info][application] $_GET = []

$_POST = []

$_FILES = []

$_COOKIE = [
    '_identity-frontend' => 'e21babbaa92a6e633e5ac908591aa0a1d43084910463778baa0fa3cfdbe2cddba:2:{i:0;s:18:\"_identity-frontend\";i:1;s:48:\"[370,\"KyJIv7cBUIn5gtGVXIaddj5ZH8Ot1o0D\",2592000]\";}'
    '_identity-backend' => '11cf58044d14b7c4b66707e9fbe5cf9801ab309f4eeb03111da76033b36fc9cea:2:{i:0;s:17:\"_identity-backend\";i:1;s:46:\"[1,\"qKraC0ZRW1GYH7WtaJn7qEnUAvK2l-QS\",2592000]\";}'
    'PHPSESSID' => 'p3icf5bpepbu119df5mebnnan91t0s4n'
    '_identity' => '9862aab586b12ad9ec0fc7735a7043e7f80b074f50633f054179db40243da036a:2:{i:0;s:9:\"_identity\";i:1;s:16:\"[1,null,2592000]\";}'
    '_csrf' => 'efbfe5d4f8cc9ee3722e67c1f90f709e44caf7eec55ddd7779b4f92661bf06faa:2:{i:0;s:5:\"_csrf\";i:1;s:32:\"8qh7QzaqV-gfUG7KuJ6IunNFdZV4FgYZ\";}'
]

$_SESSION = [
    '__flash' => []
    '__returnUrl' => 'http://kursach.ru/'
    '__id' => 1
    '__authKey' => null
]

$_SERVER = [
    'HTTP_HOST' => 'kursach.ru'
    'HTTP_CONNECTION' => 'keep-alive'
    'HTTP_CACHE_CONTROL' => 'max-age=0'
    'HTTP_UPGRADE_INSECURE_REQUESTS' => '1'
    'HTTP_USER_AGENT' => 'Mozilla/5.0 (Windows NT 10.0; Win64; x64) AppleWebKit/537.36 (KHTML, like Gecko) Chrome/104.0.0.0 Safari/537.36'
    'HTTP_ACCEPT' => 'text/html,application/xhtml+xml,application/xml;q=0.9,image/avif,image/webp,image/apng,*/*;q=0.8,application/signed-exchange;v=b3;q=0.9'
    'HTTP_ACCEPT_ENCODING' => 'gzip, deflate'
    'HTTP_ACCEPT_LANGUAGE' => 'ru-RU,ru;q=0.9,en-US;q=0.8,en;q=0.7'
    'HTTP_COOKIE' => '_identity-frontend=e21babbaa92a6e633e5ac908591aa0a1d43084910463778baa0fa3cfdbe2cddba%3A2%3A%7Bi%3A0%3Bs%3A18%3A%22_identity-frontend%22%3Bi%3A1%3Bs%3A48%3A%22%5B370%2C%22KyJIv7cBUIn5gtGVXIaddj5ZH8Ot1o0D%22%2C2592000%5D%22%3B%7D; _identity-backend=11cf58044d14b7c4b66707e9fbe5cf9801ab309f4eeb03111da76033b36fc9cea%3A2%3A%7Bi%3A0%3Bs%3A17%3A%22_identity-backend%22%3Bi%3A1%3Bs%3A46%3A%22%5B1%2C%22qKraC0ZRW1GYH7WtaJn7qEnUAvK2l-QS%22%2C2592000%5D%22%3B%7D; PHPSESSID=p3icf5bpepbu119df5mebnnan91t0s4n; _identity=9862aab586b12ad9ec0fc7735a7043e7f80b074f50633f054179db40243da036a%3A2%3A%7Bi%3A0%3Bs%3A9%3A%22_identity%22%3Bi%3A1%3Bs%3A16%3A%22%5B1%2Cnull%2C2592000%5D%22%3B%7D; _csrf=efbfe5d4f8cc9ee3722e67c1f90f709e44caf7eec55ddd7779b4f92661bf06faa%3A2%3A%7Bi%3A0%3Bs%3A5%3A%22_csrf%22%3Bi%3A1%3Bs%3A32%3A%228qh7QzaqV-gfUG7KuJ6IunNFdZV4FgYZ%22%3B%7D'
    'PATH' => 'c:\\openserver\\modules\\php\\PHP_7.3\\ext;c:\\openserver\\modules\\php\\PHP_7.3\\pear;c:\\openserver\\modules\\php\\PHP_7.3\\pear\\bin;c:\\openserver\\modules\\php\\PHP_7.3;c:\\openserver\\modules\\wget\\bin;c:\\openserver\\modules\\database\\MySQL-8.0-Win10\\bin;c:\\openserver\\modules\\http\\Apache_2.4-PHP_7.2-7.4\\bin;c:\\openserver\\modules\\http\\Apache_2.4-PHP_7.2-7.4;C:\\Windows\\system32;C:\\Windows;C:\\Windows\\system32\\Wbem;C:\\Windows\\SysWOW64;C:\\Windows\\system32;C:\\Windows;C:\\Windows\\System32\\Wbem;C:\\Windows\\System32\\WindowsPowerShell\\v1.0\\;C:\\Windows\\System32\\OpenSSH\\;C:\\Program Files\\Git\\cmd;C:\\Program Files\\PuTTY\\;C:\\Program Files\\nodejs\\;C:\\Users\\vlade\\AppData\\Local\\Microsoft\\WindowsApps;C:\\Users\\vlade\\AppData\\Local\\atom\\bin;C:\\Users\\vlade\\AppData\\Local\\Programs\\Microsoft VS Code\\bin;C:\\Users\\vlade\\AppData\\Roaming\\npm'
    'SystemRoot' => 'C:\\Windows'
    'COMSPEC' => 'C:\\Windows\\system32\\cmd.exe'
    'PATHEXT' => '.COM;.EXE;.BAT;.CMD;.VBS;.VBE;.JS;.JSE;.WSF;.WSH;.MSC'
    'WINDIR' => 'C:\\Windows'
    'SERVER_SIGNATURE' => ''
    'SERVER_SOFTWARE' => 'Apache'
    'SERVER_NAME' => 'kursach.ru'
    'SERVER_ADDR' => '127.0.0.1'
    'SERVER_PORT' => '80'
    'REMOTE_ADDR' => '127.0.0.1'
    'DOCUMENT_ROOT' => 'C:/OpenServer/domains/footballskills/web'
    'REQUEST_SCHEME' => 'http'
    'CONTEXT_PREFIX' => ''
    'CONTEXT_DOCUMENT_ROOT' => 'C:/OpenServer/domains/footballskills/web'
    'SERVER_ADMIN' => '[no address given]'
    'SCRIPT_FILENAME' => 'C:/OpenServer/domains/footballskills/web/index.php'
    'REMOTE_PORT' => '65127'
    'GATEWAY_INTERFACE' => 'CGI/1.1'
    'SERVER_PROTOCOL' => 'HTTP/1.1'
    'REQUEST_METHOD' => 'GET'
    'QUERY_STRING' => ''
    'REQUEST_URI' => '/'
    'SCRIPT_NAME' => '/index.php'
    'PHP_SELF' => '/index.php'
    'REQUEST_TIME_FLOAT' => 1660982032.9358
    'REQUEST_TIME' => 1660982032
]
2022-08-20 11:25:54 [127.0.0.1][1][p3icf5bpepbu119df5mebnnan91t0s4n][error][Error] Error: Class 'kartik\grid\EditableColumnAction' not found in C:\OpenServer\domains\footballskills\controllers\PlayerController.php:110
Stack trace:
#0 C:\OpenServer\domains\footballskills\vendor\yiisoft\yii2\base\Controller.php(246): app\controllers\PlayerController->actions()
#1 C:\OpenServer\domains\footballskills\vendor\yiisoft\yii2\base\Controller.php(147): yii\base\Controller->createAction('index')
#2 C:\OpenServer\domains\footballskills\vendor\yiisoft\yii2\base\Module.php(552): yii\base\Controller->runAction('', Array)
#3 C:\OpenServer\domains\footballskills\vendor\yiisoft\yii2\web\Application.php(103): yii\base\Module->runAction('player', Array)
#4 C:\OpenServer\domains\footballskills\vendor\yiisoft\yii2\base\Application.php(384): yii\web\Application->handleRequest(Object(yii\web\Request))
#5 C:\OpenServer\domains\footballskills\web\index.php(12): yii\base\Application->run()
#6 {main}
2022-08-20 11:25:54 [127.0.0.1][1][p3icf5bpepbu119df5mebnnan91t0s4n][info][application] $_GET = [
    'r' => 'player'
]

$_POST = []

$_FILES = []

$_COOKIE = [
    '_identity-frontend' => 'e21babbaa92a6e633e5ac908591aa0a1d43084910463778baa0fa3cfdbe2cddba:2:{i:0;s:18:\"_identity-frontend\";i:1;s:48:\"[370,\"KyJIv7cBUIn5gtGVXIaddj5ZH8Ot1o0D\",2592000]\";}'
    '_identity-backend' => '11cf58044d14b7c4b66707e9fbe5cf9801ab309f4eeb03111da76033b36fc9cea:2:{i:0;s:17:\"_identity-backend\";i:1;s:46:\"[1,\"qKraC0ZRW1GYH7WtaJn7qEnUAvK2l-QS\",2592000]\";}'
    'PHPSESSID' => 'p3icf5bpepbu119df5mebnnan91t0s4n'
    '_identity' => '9862aab586b12ad9ec0fc7735a7043e7f80b074f50633f054179db40243da036a:2:{i:0;s:9:\"_identity\";i:1;s:16:\"[1,null,2592000]\";}'
    '_csrf' => 'efbfe5d4f8cc9ee3722e67c1f90f709e44caf7eec55ddd7779b4f92661bf06faa:2:{i:0;s:5:\"_csrf\";i:1;s:32:\"8qh7QzaqV-gfUG7KuJ6IunNFdZV4FgYZ\";}'
]

$_SESSION = [
    '__flash' => []
    '__returnUrl' => 'http://kursach.ru/'
    '__id' => 1
    '__authKey' => null
]

$_SERVER = [
    'HTTP_HOST' => 'kursach.ru'
    'HTTP_CONNECTION' => 'keep-alive'
    'HTTP_UPGRADE_INSECURE_REQUESTS' => '1'
    'HTTP_USER_AGENT' => 'Mozilla/5.0 (Windows NT 10.0; Win64; x64) AppleWebKit/537.36 (KHTML, like Gecko) Chrome/104.0.0.0 Safari/537.36'
    'HTTP_ACCEPT' => 'text/html,application/xhtml+xml,application/xml;q=0.9,image/avif,image/webp,image/apng,*/*;q=0.8,application/signed-exchange;v=b3;q=0.9'
    'HTTP_REFERER' => 'http://kursach.ru/'
    'HTTP_ACCEPT_ENCODING' => 'gzip, deflate'
    'HTTP_ACCEPT_LANGUAGE' => 'ru-RU,ru;q=0.9,en-US;q=0.8,en;q=0.7'
    'HTTP_COOKIE' => '_identity-frontend=e21babbaa92a6e633e5ac908591aa0a1d43084910463778baa0fa3cfdbe2cddba%3A2%3A%7Bi%3A0%3Bs%3A18%3A%22_identity-frontend%22%3Bi%3A1%3Bs%3A48%3A%22%5B370%2C%22KyJIv7cBUIn5gtGVXIaddj5ZH8Ot1o0D%22%2C2592000%5D%22%3B%7D; _identity-backend=11cf58044d14b7c4b66707e9fbe5cf9801ab309f4eeb03111da76033b36fc9cea%3A2%3A%7Bi%3A0%3Bs%3A17%3A%22_identity-backend%22%3Bi%3A1%3Bs%3A46%3A%22%5B1%2C%22qKraC0ZRW1GYH7WtaJn7qEnUAvK2l-QS%22%2C2592000%5D%22%3B%7D; PHPSESSID=p3icf5bpepbu119df5mebnnan91t0s4n; _identity=9862aab586b12ad9ec0fc7735a7043e7f80b074f50633f054179db40243da036a%3A2%3A%7Bi%3A0%3Bs%3A9%3A%22_identity%22%3Bi%3A1%3Bs%3A16%3A%22%5B1%2Cnull%2C2592000%5D%22%3B%7D; _csrf=efbfe5d4f8cc9ee3722e67c1f90f709e44caf7eec55ddd7779b4f92661bf06faa%3A2%3A%7Bi%3A0%3Bs%3A5%3A%22_csrf%22%3Bi%3A1%3Bs%3A32%3A%228qh7QzaqV-gfUG7KuJ6IunNFdZV4FgYZ%22%3B%7D'
    'PATH' => 'c:\\openserver\\modules\\php\\PHP_7.3\\ext;c:\\openserver\\modules\\php\\PHP_7.3\\pear;c:\\openserver\\modules\\php\\PHP_7.3\\pear\\bin;c:\\openserver\\modules\\php\\PHP_7.3;c:\\openserver\\modules\\wget\\bin;c:\\openserver\\modules\\database\\MySQL-8.0-Win10\\bin;c:\\openserver\\modules\\http\\Apache_2.4-PHP_7.2-7.4\\bin;c:\\openserver\\modules\\http\\Apache_2.4-PHP_7.2-7.4;C:\\Windows\\system32;C:\\Windows;C:\\Windows\\system32\\Wbem;C:\\Windows\\SysWOW64;C:\\Windows\\system32;C:\\Windows;C:\\Windows\\System32\\Wbem;C:\\Windows\\System32\\WindowsPowerShell\\v1.0\\;C:\\Windows\\System32\\OpenSSH\\;C:\\Program Files\\Git\\cmd;C:\\Program Files\\PuTTY\\;C:\\Program Files\\nodejs\\;C:\\Users\\vlade\\AppData\\Local\\Microsoft\\WindowsApps;C:\\Users\\vlade\\AppData\\Local\\atom\\bin;C:\\Users\\vlade\\AppData\\Local\\Programs\\Microsoft VS Code\\bin;C:\\Users\\vlade\\AppData\\Roaming\\npm'
    'SystemRoot' => 'C:\\Windows'
    'COMSPEC' => 'C:\\Windows\\system32\\cmd.exe'
    'PATHEXT' => '.COM;.EXE;.BAT;.CMD;.VBS;.VBE;.JS;.JSE;.WSF;.WSH;.MSC'
    'WINDIR' => 'C:\\Windows'
    'SERVER_SIGNATURE' => ''
    'SERVER_SOFTWARE' => 'Apache'
    'SERVER_NAME' => 'kursach.ru'
    'SERVER_ADDR' => '127.0.0.1'
    'SERVER_PORT' => '80'
    'REMOTE_ADDR' => '127.0.0.1'
    'DOCUMENT_ROOT' => 'C:/OpenServer/domains/footballskills/web'
    'REQUEST_SCHEME' => 'http'
    'CONTEXT_PREFIX' => ''
    'CONTEXT_DOCUMENT_ROOT' => 'C:/OpenServer/domains/footballskills/web'
    'SERVER_ADMIN' => '[no address given]'
    'SCRIPT_FILENAME' => 'C:/OpenServer/domains/footballskills/web/index.php'
    'REMOTE_PORT' => '64020'
    'GATEWAY_INTERFACE' => 'CGI/1.1'
    'SERVER_PROTOCOL' => 'HTTP/1.1'
    'REQUEST_METHOD' => 'GET'
    'QUERY_STRING' => 'r=player'
    'REQUEST_URI' => '/index.php?r=player'
    'SCRIPT_NAME' => '/index.php'
    'PHP_SELF' => '/index.php'
    'REQUEST_TIME_FLOAT' => 1660983954.0131
    'REQUEST_TIME' => 1660983954
]
2022-08-20 11:26:34 [127.0.0.1][1][p3icf5bpepbu119df5mebnnan91t0s4n][error][yii\base\UnknownPropertyException] yii\base\UnknownPropertyException: Getting unknown property: app\models\search\PlayerSearch::date in C:\OpenServer\domains\footballskills\vendor\yiisoft\yii2\base\Component.php:154
Stack trace:
#0 C:\OpenServer\domains\footballskills\vendor\yiisoft\yii2\db\BaseActiveRecord.php(296): yii\base\Component->__get('date')
#1 C:\OpenServer\domains\footballskills\models\search\PlayerSearch.php(64): yii\db\BaseActiveRecord->__get('date')
#2 C:\OpenServer\domains\footballskills\controllers\PlayerController.php(41): app\models\search\PlayerSearch->search(Array)
#3 [internal function]: app\controllers\PlayerController->actionIndex()
#4 C:\OpenServer\domains\footballskills\vendor\yiisoft\yii2\base\InlineAction.php(57): call_user_func_array(Array, Array)
#5 C:\OpenServer\domains\footballskills\vendor\yiisoft\yii2\base\Controller.php(178): yii\base\InlineAction->runWithParams(Array)
#6 C:\OpenServer\domains\footballskills\vendor\yiisoft\yii2\base\Module.php(552): yii\base\Controller->runAction('', Array)
#7 C:\OpenServer\domains\footballskills\vendor\yiisoft\yii2\web\Application.php(103): yii\base\Module->runAction('player', Array)
#8 C:\OpenServer\domains\footballskills\vendor\yiisoft\yii2\base\Application.php(384): yii\web\Application->handleRequest(Object(yii\web\Request))
#9 C:\OpenServer\domains\footballskills\web\index.php(12): yii\base\Application->run()
#10 {main}
2022-08-20 11:26:33 [127.0.0.1][1][p3icf5bpepbu119df5mebnnan91t0s4n][info][application] $_GET = [
    'r' => 'player'
]

$_POST = []

$_FILES = []

$_COOKIE = [
    '_identity-frontend' => 'e21babbaa92a6e633e5ac908591aa0a1d43084910463778baa0fa3cfdbe2cddba:2:{i:0;s:18:\"_identity-frontend\";i:1;s:48:\"[370,\"KyJIv7cBUIn5gtGVXIaddj5ZH8Ot1o0D\",2592000]\";}'
    '_identity-backend' => '11cf58044d14b7c4b66707e9fbe5cf9801ab309f4eeb03111da76033b36fc9cea:2:{i:0;s:17:\"_identity-backend\";i:1;s:46:\"[1,\"qKraC0ZRW1GYH7WtaJn7qEnUAvK2l-QS\",2592000]\";}'
    'PHPSESSID' => 'p3icf5bpepbu119df5mebnnan91t0s4n'
    '_identity' => '9862aab586b12ad9ec0fc7735a7043e7f80b074f50633f054179db40243da036a:2:{i:0;s:9:\"_identity\";i:1;s:16:\"[1,null,2592000]\";}'
    '_csrf' => 'efbfe5d4f8cc9ee3722e67c1f90f709e44caf7eec55ddd7779b4f92661bf06faa:2:{i:0;s:5:\"_csrf\";i:1;s:32:\"8qh7QzaqV-gfUG7KuJ6IunNFdZV4FgYZ\";}'
]

$_SESSION = [
    '__flash' => []
    '__returnUrl' => 'http://kursach.ru/'
    '__id' => 1
    '__authKey' => null
]

$_SERVER = [
    'HTTP_HOST' => 'kursach.ru'
    'HTTP_CONNECTION' => 'keep-alive'
    'HTTP_CACHE_CONTROL' => 'max-age=0'
    'HTTP_UPGRADE_INSECURE_REQUESTS' => '1'
    'HTTP_USER_AGENT' => 'Mozilla/5.0 (Windows NT 10.0; Win64; x64) AppleWebKit/537.36 (KHTML, like Gecko) Chrome/104.0.0.0 Safari/537.36'
    'HTTP_ACCEPT' => 'text/html,application/xhtml+xml,application/xml;q=0.9,image/avif,image/webp,image/apng,*/*;q=0.8,application/signed-exchange;v=b3;q=0.9'
    'HTTP_REFERER' => 'http://kursach.ru/'
    'HTTP_ACCEPT_ENCODING' => 'gzip, deflate'
    'HTTP_ACCEPT_LANGUAGE' => 'ru-RU,ru;q=0.9,en-US;q=0.8,en;q=0.7'
    'HTTP_COOKIE' => '_identity-frontend=e21babbaa92a6e633e5ac908591aa0a1d43084910463778baa0fa3cfdbe2cddba%3A2%3A%7Bi%3A0%3Bs%3A18%3A%22_identity-frontend%22%3Bi%3A1%3Bs%3A48%3A%22%5B370%2C%22KyJIv7cBUIn5gtGVXIaddj5ZH8Ot1o0D%22%2C2592000%5D%22%3B%7D; _identity-backend=11cf58044d14b7c4b66707e9fbe5cf9801ab309f4eeb03111da76033b36fc9cea%3A2%3A%7Bi%3A0%3Bs%3A17%3A%22_identity-backend%22%3Bi%3A1%3Bs%3A46%3A%22%5B1%2C%22qKraC0ZRW1GYH7WtaJn7qEnUAvK2l-QS%22%2C2592000%5D%22%3B%7D; PHPSESSID=p3icf5bpepbu119df5mebnnan91t0s4n; _identity=9862aab586b12ad9ec0fc7735a7043e7f80b074f50633f054179db40243da036a%3A2%3A%7Bi%3A0%3Bs%3A9%3A%22_identity%22%3Bi%3A1%3Bs%3A16%3A%22%5B1%2Cnull%2C2592000%5D%22%3B%7D; _csrf=efbfe5d4f8cc9ee3722e67c1f90f709e44caf7eec55ddd7779b4f92661bf06faa%3A2%3A%7Bi%3A0%3Bs%3A5%3A%22_csrf%22%3Bi%3A1%3Bs%3A32%3A%228qh7QzaqV-gfUG7KuJ6IunNFdZV4FgYZ%22%3B%7D'
    'PATH' => 'c:\\openserver\\modules\\php\\PHP_7.3\\ext;c:\\openserver\\modules\\php\\PHP_7.3\\pear;c:\\openserver\\modules\\php\\PHP_7.3\\pear\\bin;c:\\openserver\\modules\\php\\PHP_7.3;c:\\openserver\\modules\\wget\\bin;c:\\openserver\\modules\\database\\MySQL-8.0-Win10\\bin;c:\\openserver\\modules\\http\\Apache_2.4-PHP_7.2-7.4\\bin;c:\\openserver\\modules\\http\\Apache_2.4-PHP_7.2-7.4;C:\\Windows\\system32;C:\\Windows;C:\\Windows\\system32\\Wbem;C:\\Windows\\SysWOW64;C:\\Windows\\system32;C:\\Windows;C:\\Windows\\System32\\Wbem;C:\\Windows\\System32\\WindowsPowerShell\\v1.0\\;C:\\Windows\\System32\\OpenSSH\\;C:\\Program Files\\Git\\cmd;C:\\Program Files\\PuTTY\\;C:\\Program Files\\nodejs\\;C:\\Users\\vlade\\AppData\\Local\\Microsoft\\WindowsApps;C:\\Users\\vlade\\AppData\\Local\\atom\\bin;C:\\Users\\vlade\\AppData\\Local\\Programs\\Microsoft VS Code\\bin;C:\\Users\\vlade\\AppData\\Roaming\\npm'
    'SystemRoot' => 'C:\\Windows'
    'COMSPEC' => 'C:\\Windows\\system32\\cmd.exe'
    'PATHEXT' => '.COM;.EXE;.BAT;.CMD;.VBS;.VBE;.JS;.JSE;.WSF;.WSH;.MSC'
    'WINDIR' => 'C:\\Windows'
    'SERVER_SIGNATURE' => ''
    'SERVER_SOFTWARE' => 'Apache'
    'SERVER_NAME' => 'kursach.ru'
    'SERVER_ADDR' => '127.0.0.1'
    'SERVER_PORT' => '80'
    'REMOTE_ADDR' => '127.0.0.1'
    'DOCUMENT_ROOT' => 'C:/OpenServer/domains/footballskills/web'
    'REQUEST_SCHEME' => 'http'
    'CONTEXT_PREFIX' => ''
    'CONTEXT_DOCUMENT_ROOT' => 'C:/OpenServer/domains/footballskills/web'
    'SERVER_ADMIN' => '[no address given]'
    'SCRIPT_FILENAME' => 'C:/OpenServer/domains/footballskills/web/index.php'
    'REMOTE_PORT' => '64042'
    'GATEWAY_INTERFACE' => 'CGI/1.1'
    'SERVER_PROTOCOL' => 'HTTP/1.1'
    'REQUEST_METHOD' => 'GET'
    'QUERY_STRING' => 'r=player'
    'REQUEST_URI' => '/index.php?r=player'
    'SCRIPT_NAME' => '/index.php'
    'PHP_SELF' => '/index.php'
    'REQUEST_TIME_FLOAT' => 1660983993.7367
    'REQUEST_TIME' => 1660983993
]
2022-08-20 11:31:50 [127.0.0.1][1][p3icf5bpepbu119df5mebnnan91t0s4n][error][yii\base\UnknownPropertyException] yii\base\UnknownPropertyException: Getting unknown property: app\models\search\PlayerSearch::date in C:\OpenServer\domains\footballskills\vendor\yiisoft\yii2\base\Component.php:154
Stack trace:
#0 C:\OpenServer\domains\footballskills\vendor\yiisoft\yii2\db\BaseActiveRecord.php(296): yii\base\Component->__get('date')
#1 C:\OpenServer\domains\footballskills\models\search\PlayerSearch.php(64): yii\db\BaseActiveRecord->__get('date')
#2 C:\OpenServer\domains\footballskills\controllers\PlayerController.php(41): app\models\search\PlayerSearch->search(Array)
#3 [internal function]: app\controllers\PlayerController->actionIndex()
#4 C:\OpenServer\domains\footballskills\vendor\yiisoft\yii2\base\InlineAction.php(57): call_user_func_array(Array, Array)
#5 C:\OpenServer\domains\footballskills\vendor\yiisoft\yii2\base\Controller.php(178): yii\base\InlineAction->runWithParams(Array)
#6 C:\OpenServer\domains\footballskills\vendor\yiisoft\yii2\base\Module.php(552): yii\base\Controller->runAction('', Array)
#7 C:\OpenServer\domains\footballskills\vendor\yiisoft\yii2\web\Application.php(103): yii\base\Module->runAction('player', Array)
#8 C:\OpenServer\domains\footballskills\vendor\yiisoft\yii2\base\Application.php(384): yii\web\Application->handleRequest(Object(yii\web\Request))
#9 C:\OpenServer\domains\footballskills\web\index.php(12): yii\base\Application->run()
#10 {main}
2022-08-20 11:31:50 [127.0.0.1][1][p3icf5bpepbu119df5mebnnan91t0s4n][info][application] $_GET = [
    'r' => 'player'
]

$_POST = []

$_FILES = []

$_COOKIE = [
    '_identity-frontend' => 'e21babbaa92a6e633e5ac908591aa0a1d43084910463778baa0fa3cfdbe2cddba:2:{i:0;s:18:\"_identity-frontend\";i:1;s:48:\"[370,\"KyJIv7cBUIn5gtGVXIaddj5ZH8Ot1o0D\",2592000]\";}'
    '_identity-backend' => '11cf58044d14b7c4b66707e9fbe5cf9801ab309f4eeb03111da76033b36fc9cea:2:{i:0;s:17:\"_identity-backend\";i:1;s:46:\"[1,\"qKraC0ZRW1GYH7WtaJn7qEnUAvK2l-QS\",2592000]\";}'
    'PHPSESSID' => 'p3icf5bpepbu119df5mebnnan91t0s4n'
    '_identity' => '9862aab586b12ad9ec0fc7735a7043e7f80b074f50633f054179db40243da036a:2:{i:0;s:9:\"_identity\";i:1;s:16:\"[1,null,2592000]\";}'
    '_csrf' => 'efbfe5d4f8cc9ee3722e67c1f90f709e44caf7eec55ddd7779b4f92661bf06faa:2:{i:0;s:5:\"_csrf\";i:1;s:32:\"8qh7QzaqV-gfUG7KuJ6IunNFdZV4FgYZ\";}'
]

$_SESSION = [
    '__flash' => []
    '__returnUrl' => 'http://kursach.ru/'
    '__id' => 1
    '__authKey' => null
]

$_SERVER = [
    'HTTP_HOST' => 'kursach.ru'
    'HTTP_CONNECTION' => 'keep-alive'
    'HTTP_UPGRADE_INSECURE_REQUESTS' => '1'
    'HTTP_USER_AGENT' => 'Mozilla/5.0 (Windows NT 10.0; Win64; x64) AppleWebKit/537.36 (KHTML, like Gecko) Chrome/104.0.0.0 Safari/537.36'
    'HTTP_ACCEPT' => 'text/html,application/xhtml+xml,application/xml;q=0.9,image/avif,image/webp,image/apng,*/*;q=0.8,application/signed-exchange;v=b3;q=0.9'
    'HTTP_REFERER' => 'http://kursach.ru/index.php'
    'HTTP_ACCEPT_ENCODING' => 'gzip, deflate'
    'HTTP_ACCEPT_LANGUAGE' => 'ru-RU,ru;q=0.9,en-US;q=0.8,en;q=0.7'
    'HTTP_COOKIE' => '_identity-frontend=e21babbaa92a6e633e5ac908591aa0a1d43084910463778baa0fa3cfdbe2cddba%3A2%3A%7Bi%3A0%3Bs%3A18%3A%22_identity-frontend%22%3Bi%3A1%3Bs%3A48%3A%22%5B370%2C%22KyJIv7cBUIn5gtGVXIaddj5ZH8Ot1o0D%22%2C2592000%5D%22%3B%7D; _identity-backend=11cf58044d14b7c4b66707e9fbe5cf9801ab309f4eeb03111da76033b36fc9cea%3A2%3A%7Bi%3A0%3Bs%3A17%3A%22_identity-backend%22%3Bi%3A1%3Bs%3A46%3A%22%5B1%2C%22qKraC0ZRW1GYH7WtaJn7qEnUAvK2l-QS%22%2C2592000%5D%22%3B%7D; PHPSESSID=p3icf5bpepbu119df5mebnnan91t0s4n; _identity=9862aab586b12ad9ec0fc7735a7043e7f80b074f50633f054179db40243da036a%3A2%3A%7Bi%3A0%3Bs%3A9%3A%22_identity%22%3Bi%3A1%3Bs%3A16%3A%22%5B1%2Cnull%2C2592000%5D%22%3B%7D; _csrf=efbfe5d4f8cc9ee3722e67c1f90f709e44caf7eec55ddd7779b4f92661bf06faa%3A2%3A%7Bi%3A0%3Bs%3A5%3A%22_csrf%22%3Bi%3A1%3Bs%3A32%3A%228qh7QzaqV-gfUG7KuJ6IunNFdZV4FgYZ%22%3B%7D'
    'PATH' => 'c:\\openserver\\modules\\php\\PHP_7.3\\ext;c:\\openserver\\modules\\php\\PHP_7.3\\pear;c:\\openserver\\modules\\php\\PHP_7.3\\pear\\bin;c:\\openserver\\modules\\php\\PHP_7.3;c:\\openserver\\modules\\wget\\bin;c:\\openserver\\modules\\database\\MySQL-8.0-Win10\\bin;c:\\openserver\\modules\\http\\Apache_2.4-PHP_7.2-7.4\\bin;c:\\openserver\\modules\\http\\Apache_2.4-PHP_7.2-7.4;C:\\Windows\\system32;C:\\Windows;C:\\Windows\\system32\\Wbem;C:\\Windows\\SysWOW64;C:\\Windows\\system32;C:\\Windows;C:\\Windows\\System32\\Wbem;C:\\Windows\\System32\\WindowsPowerShell\\v1.0\\;C:\\Windows\\System32\\OpenSSH\\;C:\\Program Files\\Git\\cmd;C:\\Program Files\\PuTTY\\;C:\\Program Files\\nodejs\\;C:\\Users\\vlade\\AppData\\Local\\Microsoft\\WindowsApps;C:\\Users\\vlade\\AppData\\Local\\atom\\bin;C:\\Users\\vlade\\AppData\\Local\\Programs\\Microsoft VS Code\\bin;C:\\Users\\vlade\\AppData\\Roaming\\npm'
    'SystemRoot' => 'C:\\Windows'
    'COMSPEC' => 'C:\\Windows\\system32\\cmd.exe'
    'PATHEXT' => '.COM;.EXE;.BAT;.CMD;.VBS;.VBE;.JS;.JSE;.WSF;.WSH;.MSC'
    'WINDIR' => 'C:\\Windows'
    'SERVER_SIGNATURE' => ''
    'SERVER_SOFTWARE' => 'Apache'
    'SERVER_NAME' => 'kursach.ru'
    'SERVER_ADDR' => '127.0.0.1'
    'SERVER_PORT' => '80'
    'REMOTE_ADDR' => '127.0.0.1'
    'DOCUMENT_ROOT' => 'C:/OpenServer/domains/footballskills/web'
    'REQUEST_SCHEME' => 'http'
    'CONTEXT_PREFIX' => ''
    'CONTEXT_DOCUMENT_ROOT' => 'C:/OpenServer/domains/footballskills/web'
    'SERVER_ADMIN' => '[no address given]'
    'SCRIPT_FILENAME' => 'C:/OpenServer/domains/footballskills/web/index.php'
    'REMOTE_PORT' => '64278'
    'GATEWAY_INTERFACE' => 'CGI/1.1'
    'SERVER_PROTOCOL' => 'HTTP/1.1'
    'REQUEST_METHOD' => 'GET'
    'QUERY_STRING' => 'r=player'
    'REQUEST_URI' => '/index.php?r=player'
    'SCRIPT_NAME' => '/index.php'
    'PHP_SELF' => '/index.php'
    'REQUEST_TIME_FLOAT' => 1660984310.4836
    'REQUEST_TIME' => 1660984310
]
